Determining if the pthread_create exist failed with the following output:
Change Dir: /home/michal/CLionProjects/FactorySimulation/cmake-build-debug/CMakeFiles/CMakeTmp

Run Build Command:"/usr/bin/make" "cmTC_b0e48/fast"
/usr/bin/make -f CMakeFiles/cmTC_b0e48.dir/build.make CMakeFiles/cmTC_b0e48.dir/build
make[1]: Entering directory '/home/michal/CLionProjects/FactorySimulation/cmake-build-debug/CMakeFiles/CMakeTmp'
Building C object CMakeFiles/cmTC_b0e48.dir/CheckSymbolExists.c.o
/usr/bin/cc   -Wall -Wextra -Wconversion    -o CMakeFiles/cmTC_b0e48.dir/CheckSymbolExists.c.o   -c /home/michal/CLionProjects/FactorySimulation/cmake-build-debug/CMakeFiles/CMakeTmp/CheckSymbolExists.c
Linking C executable cmTC_b0e48
/home/michal/Programs/clion-2017.3.3/bin/cmake/bin/cmake -E cmake_link_script CMakeFiles/cmTC_b0e48.dir/link.txt --verbose=1
/usr/bin/cc  -Wall -Wextra -Wconversion     -rdynamic CMakeFiles/cmTC_b0e48.dir/CheckSymbolExists.c.o  -o cmTC_b0e48 
CMakeFiles/cmTC_b0e48.dir/CheckSymbolExists.c.o: In function `main':
CheckSymbolExists.c:(.text+0x16): undefined reference to `pthread_create'
collect2: error: ld returned 1 exit status
CMakeFiles/cmTC_b0e48.dir/build.make:97: recipe for target 'cmTC_b0e48' failed
make[1]: *** [cmTC_b0e48] Error 1
make[1]: Leaving directory '/home/michal/CLionProjects/FactorySimulation/cmake-build-debug/CMakeFiles/CMakeTmp'
Makefile:126: recipe for target 'cmTC_b0e48/fast' failed
make: *** [cmTC_b0e48/fast] Error 2

File /home/michal/CLionProjects/FactorySimulation/cmake-build-debug/CMakeFiles/CMakeTmp/CheckSymbolExists.c:
/* */
#include <pthread.h>

int main(int argc, char** argv)
{
  (void)argv;
#ifndef pthread_create
  return ((int*)(&pthread_create))[argc];
#else
  (void)argc;
  return 0;
#endif
}

